android/app/build/intermediates/manifest_merge_blame_file/debug/manifest-merger-blame-debug-report.txt
1<?xml version="1.0" encoding="utf-8"?>
2<manifest xmlns:android="http://schemas.android.com/apk/res/android"
3    package="com.walletretailuser"
4    android:versionCode="1"
5    android:versionName="1.0" >
6
7    <uses-sdk
8        android:minSdkVersion="16"
9        android:targetSdkVersion="28" />
10
11    <uses-permission android:name="android.permission.SYSTEM_ALERT_WINDOW" />
11-->src/debug/AndroidManifest.xml:5:5-77
11-->src/debug/AndroidManifest.xml:5:22-75
12    <uses-permission android:name="android.permission.INTERNET" />
12-->src/main/AndroidManifest.xml:4:5-67
12-->src/main/AndroidManifest.xml:4:22-64
13    <uses-permission android:name="android.permission.RECORD_AUDIO" />
13-->src/main/AndroidManifest.xml:5:5-70
13-->src/main/AndroidManifest.xml:5:22-68
14    <uses-permission android:name="android.permission.CAMERA" />
14-->src/main/AndroidManifest.xml:6:5-65
14-->src/main/AndroidManifest.xml:6:22-62
15    <uses-permission android:name="android.permission.READ_EXTERNAL_STORAGE" />
15-->src/main/AndroidManifest.xml:7:5-80
15-->src/main/AndroidManifest.xml:7:22-77
16    <uses-permission android:name="android.permission.WRITE_EXTERNAL_STORAGE" />
16-->src/main/AndroidManifest.xml:8:5-81
16-->src/main/AndroidManifest.xml:8:22-78
17
18    <uses-feature
18-->[:react-native-camera] AndroidManifest.xml:11:5-13:36
19        android:name="android.hardware.camera"
19-->[:react-native-camera] AndroidManifest.xml:12:9-47
20        android:required="false" />
20-->[:react-native-camera] AndroidManifest.xml:13:9-33
21    <uses-feature
21-->[:react-native-camera] AndroidManifest.xml:14:5-16:36
22        android:name="android.hardware.camera.autofocus"
22-->[:react-native-camera] AndroidManifest.xml:15:9-57
23        android:required="false" />
23-->[:react-native-camera] AndroidManifest.xml:16:9-33
24
25    <application
25-->src/main/AndroidManifest.xml:11:5-29:19
26        android:name="com.walletretailuser.MainApplication"
26-->src/main/AndroidManifest.xml:12:7-38
27        android:allowBackup="false"
27-->src/main/AndroidManifest.xml:16:7-34
28        android:appComponentFactory="androidx.core.app.CoreComponentFactory"
28-->[androidx.core:core:1.0.1] AndroidManifest.xml:22:18-86
29        android:debuggable="true"
30        android:icon="@mipmap/ic_launcher"
30-->src/main/AndroidManifest.xml:14:7-41
31        android:label="@string/app_name"
31-->src/main/AndroidManifest.xml:13:7-39
32        android:roundIcon="@mipmap/ic_launcher_round"
32-->src/main/AndroidManifest.xml:15:7-52
33        android:theme="@style/AppTheme"
33-->src/main/AndroidManifest.xml:17:7-38
34        android:usesCleartextTraffic="true" >
34-->src/debug/AndroidManifest.xml:7:18-53
35        <activity
35-->src/main/AndroidManifest.xml:18:7-27:18
36            android:name="com.walletretailuser.MainActivity"
36-->src/main/AndroidManifest.xml:19:9-37
37            android:configChanges="keyboard|keyboardHidden|orientation|screenSize"
37-->src/main/AndroidManifest.xml:21:9-79
38            android:label="@string/app_name"
38-->src/main/AndroidManifest.xml:20:9-41
39            android:windowSoftInputMode="adjustResize" >
39-->src/main/AndroidManifest.xml:22:9-51
40            <intent-filter>
40-->src/main/AndroidManifest.xml:23:9-26:25
41                <action android:name="android.intent.action.MAIN" />
41-->src/main/AndroidManifest.xml:24:13-65
41-->src/main/AndroidManifest.xml:24:21-62
42
43                <category android:name="android.intent.category.LAUNCHER" />
43-->src/main/AndroidManifest.xml:25:13-73
43-->src/main/AndroidManifest.xml:25:23-70
44            </intent-filter>
45        </activity>
46        <activity android:name="com.facebook.react.devsupport.DevSettingsActivity" />
46-->src/main/AndroidManifest.xml:28:7-84
46-->src/main/AndroidManifest.xml:28:17-81
47
48        <provider
48-->[:react-native-webview] AndroidManifest.xml:12:9-20:20
49            android:name="com.reactnativecommunity.webview.RNCWebViewFileProvider"
49-->[:react-native-webview] AndroidManifest.xml:13:13-83
50            android:authorities="com.walletretailuser.fileprovider"
50-->[:react-native-webview] AndroidManifest.xml:14:13-64
51            android:exported="false"
51-->[:react-native-webview] AndroidManifest.xml:15:13-37
52            android:grantUriPermissions="true" >
52-->[:react-native-webview] AndroidManifest.xml:16:13-47
53            <meta-data
53-->[:react-native-webview] AndroidManifest.xml:17:13-19:63
54                android:name="android.support.FILE_PROVIDER_PATHS"
54-->[:react-native-webview] AndroidManifest.xml:18:17-67
55                android:resource="@xml/file_provider_paths" />
55-->[:react-native-webview] AndroidManifest.xml:19:17-60
56        </provider>
57
58        <activity
58-->[com.google.android.gms:play-services-base:16.0.1] AndroidManifest.xml:23:9-26:75
59            android:name="com.google.android.gms.common.api.GoogleApiActivity"
59-->[com.google.android.gms:play-services-base:16.0.1] AndroidManifest.xml:24:13-79
60            android:exported="false"
60-->[com.google.android.gms:play-services-base:16.0.1] AndroidManifest.xml:25:13-37
61            android:theme="@android:style/Theme.Translucent.NoTitleBar" />
61-->[com.google.android.gms:play-services-base:16.0.1] AndroidManifest.xml:26:13-72
62
63        <meta-data
63-->[com.google.android.gms:play-services-basement:16.1.0] AndroidManifest.xml:23:9-25:69
64            android:name="com.google.android.gms.version"
64-->[com.google.android.gms:play-services-basement:16.1.0] AndroidManifest.xml:24:13-58
65            android:value="@integer/google_play_services_version" />
65-->[com.google.android.gms:play-services-basement:16.1.0] AndroidManifest.xml:25:13-66
66    </application>
67
68</manifest>